<?xml version="1.0" encoding="UTF-8"?>
<testng-results ignored="0" total="1" passed="1" failed="0" skipped="0">
  <reporter-output>
    <line>
      <![CDATA[Launching browser successfully]]>
    </line>
    <line>
      <![CDATA[clossing the browser successfully]]>
    </line>
  </reporter-output>
  <suite started-at="2022-08-07T16:25:53 IST" name="Default suite" finished-at="2022-08-07T16:25:59 IST" duration-ms="6435">
    <groups>
    </groups>
    <test started-at="2022-08-07T16:25:53 IST" name="Default test" finished-at="2022-08-07T16:25:59 IST" duration-ms="6435">
      <class name="KiteTestApp.KiteTestUsingPropertiesFile">
        <test-method is-config="true" signature="openingBrowser()[pri:0, instance:KiteTestApp.KiteTestUsingPropertiesFile@79e2c065]" started-at="2022-08-07T16:25:53 IST" name="openingBrowser" finished-at="2022-08-07T16:25:56 IST" duration-ms="3258" status="PASS">
          <reporter-output>
            <line>
              <![CDATA[Launching browser successfully]]>
            </line>
          </reporter-output>
        </test-method> <!-- openingBrowser -->
        <test-method is-config="true" signature="openeningApp()[pri:0, instance:KiteTestApp.KiteTestUsingPropertiesFile@79e2c065]" started-at="2022-08-07T16:25:56 IST" name="openeningApp" finished-at="2022-08-07T16:25:56 IST" duration-ms="407" status="PASS">
          <reporter-output>
          </reporter-output>
        </test-method> <!-- openeningApp -->
        <test-method signature="validatingUserID()[pri:0, instance:KiteTestApp.KiteTestUsingPropertiesFile@79e2c065]" started-at="2022-08-07T16:25:56 IST" name="validatingUserID" finished-at="2022-08-07T16:25:57 IST" duration-ms="955" status="PASS">
          <reporter-output>
          </reporter-output>
        </test-method> <!-- validatingUserID -->
        <test-method is-config="true" signature="logOutApp()[pri:0, instance:KiteTestApp.KiteTestUsingPropertiesFile@79e2c065]" started-at="2022-08-07T16:25:57 IST" name="logOutApp" finished-at="2022-08-07T16:25:59 IST" duration-ms="1553" status="PASS">
          <reporter-output>
          </reporter-output>
        </test-method> <!-- logOutApp -->
        <test-method is-config="true" signature="closeBrowser()[pri:0, instance:KiteTestApp.KiteTestUsingPropertiesFile@79e2c065]" started-at="2022-08-07T16:25:59 IST" name="closeBrowser" finished-at="2022-08-07T16:25:59 IST" duration-ms="230" status="PASS">
          <reporter-output>
            <line>
              <![CDATA[clossing the browser successfully]]>
            </line>
          </reporter-output>
        </test-method> <!-- closeBrowser -->
      </class> <!-- KiteTestApp.KiteTestUsingPropertiesFile -->
    </test> <!-- Default test -->
  </suite> <!-- Default suite -->
</testng-results>
